[05/25/2022 05:16:34] Debug: Session id: 07e46393-1440-45c6-9cd6-f35124664cce
[05/25/2022 05:16:34] Debug: Code Processor information: Name :SnowConvert, Version: 3.2.27.0
[05/25/2022 05:16:35] Debug: Getting license
[05/25/2022 05:16:35] Debug: License information
	Status: Failed
	Message: No active license available.
[05/25/2022 05:16:35] Info: Starting to validate parameters
[05/25/2022 05:16:35] Info: Parameters to validate: 
	Execution mode: Conversion
[05/25/2022 05:16:35] Info: Validation of parameters: Success
[05/25/2022 05:16:35] Debug: Getting code descriptor
[05/25/2022 05:16:35] Debug: Code descriptor information
	Units: 70420
	Units type: LOC
	All file bytes: 3491661
	All found extensions: .sql,.dml,.ddl,.bteq,.btq,.fl,.fload,.ml,.mload,.mld,.tp,.tpump,.tpt
[05/25/2022 05:16:35] Debug: Calculating fingerprint
[05/25/2022 05:16:35] Debug: Fingerprint information Fingerprint(size=3491661,projects=1)
[05/25/2022 05:16:35] Info: Starting to try to validate online license for execution
[05/25/2022 05:16:37] Debug: Getting license
[05/25/2022 05:16:37] Debug: License information
	Status: Failed
	Message: No active license available.
[05/25/2022 05:16:37] Debug: Starting the execution of the controller
[05/25/2022 05:16:37] Debug: Executing the worker: SnowConvert
[05/25/2022 05:17:15] Debug: Finished executing the worker: SnowConvert
[05/25/2022 05:17:17] Info: Controller execution ended
