[09/02/2022 22:27:22] Info: SourceLanguage set to Teradata based on the appsettings configuration.
[09/02/2022 22:27:22] Info: Starting to analyze the input path '/tmp/Repo-52ddd1b5-c3b5-4ce9-a54c-5a59ec947033/Sources'...
[09/02/2022 22:27:22] Info: Found 1 SQL files with a total size of 2.39KB
[09/02/2022 22:27:22] Info: Found 0 BTEQ files
[09/02/2022 22:27:22] Info: Found 0 FastLoad files
[09/02/2022 22:27:22] Info: Found 0 MultiLoad files
[09/02/2022 22:27:22] Info: Found 0 TPump files
[09/02/2022 22:27:22] Info: Found 0 TPT files
[09/02/2022 22:27:23] Info: No path specified for loading additional transformation rules
[09/02/2022 22:27:23] Info: Starting the parsing process of 1 file with 2.39KB of code, this might take a while...
[09/02/2022 22:27:27] Info: EFProcess 637977544477162334 started
[09/02/2022 22:27:27] Debug: TaskParam transformationVisitors = Value is not created.
[09/02/2022 22:27:27] Debug: TaskParam issueInventory = Value is not created.
[09/02/2022 22:27:27] Debug: TaskParam totalLOC = 0
[09/02/2022 22:27:27] Debug: TaskParam assessmentSummaryInventory = Value is not created.
[09/02/2022 22:27:27] Debug: TaskParam sourceLanguage = Teradata
[09/02/2022 22:27:27] Debug: TaskParam TaskConversionTime = Mobilize.Snow.Assessment.TaskConversionTimeSummary
[09/02/2022 22:27:27] Debug: TaskParam parsingProgressDescriptor = Mobilize.Common.Utils.Progress.SingleProgressDescriptor
[09/02/2022 22:27:27] Debug: TaskParam processingProgressDescriptor = Mobilize.Common.Utils.Progress.SingleProgressDescriptor
[09/02/2022 22:27:27] Debug: TaskParam parsedFilesCount = 0
[09/02/2022 22:27:27] Debug: TaskParam AssessmentManager = Mobilize.Snow.Assessment.AssessmentManager
[09/02/2022 22:27:27] Debug: TaskParam symbolTableProvider = Value is not created.
[09/02/2022 22:27:27] Debug: TaskParam assessmentEwiCalculator = Mobilize.Snow.Assessment.AssessmentEwiCalculator
[09/02/2022 22:27:27] Debug: TaskParam locationService = Value is not created.
[09/02/2022 22:27:27] Debug: TaskParam parsingErrorMessageCustomizer = Value is not created.
[09/02/2022 22:27:27] Debug: TaskParam ewiFormatter = Value is not created.
[09/02/2022 22:27:27] Debug: TaskParam ewiInformation = Value is not created.
[09/02/2022 22:27:27] Debug: TaskParam assessmentSetup = Value is not created.
[09/02/2022 22:27:27] Debug: TaskParam ConversionBeginTask.Input = /tmp/Repo-52ddd1b5-c3b5-4ce9-a54c-5a59ec947033/Sources/input.wsp
[09/02/2022 22:27:27] Debug: TaskParam workingSet = Value is not created.
[09/02/2022 22:27:27] Debug: TaskParam ConversionBeginTask.ItemMedatada = Artinsoft.Common.Store.ItemMetadata
[09/02/2022 22:27:27] Debug: TaskParam ConversionBeginTask.Enabled = True
[09/02/2022 22:27:27] Debug: TaskParam Repository = Value is not created.
[09/02/2022 22:27:27] Debug: TaskParam RepositoryDirectory = /tmp/Repo-52ddd1b5-c3b5-4ce9-a54c-5a59ec947033/Target/.mobilize/CommonEF
[09/02/2022 22:27:27] Info: Step 1/7 - Loading Code: STARTED
[09/02/2022 22:27:29] Info: Step 1/7 - Loading Code: COMPLETED
[09/02/2022 22:27:30] Debug: TaskParam transformationVisitors = Value is not created.
[09/02/2022 22:27:30] Debug: TaskParam sourceLanguage = Teradata
[09/02/2022 22:27:30] Debug: TaskParam symbolTableProvider = Value is not created.
[09/02/2022 22:27:30] Debug: TaskParam TaskConversionTime = Mobilize.Snow.Assessment.TaskConversionTimeSummary
[09/02/2022 22:27:30] Debug: TaskParam SymbolTableFillingTask.Input = /tmp/Repo-52ddd1b5-c3b5-4ce9-a54c-5a59ec947033/Sources/input.wsp
[09/02/2022 22:27:30] Debug: TaskParam workingSet = Artinsoft.Common.Store.RepositoryWorkingSet`2[System.String,Artinsoft.Common.Store.IItemContainer]
[09/02/2022 22:27:30] Debug: TaskParam SymbolTableFillingTask.ItemMedatada = Artinsoft.Common.Store.ItemMetadata
[09/02/2022 22:27:30] Debug: TaskParam SymbolTableFillingTask.Enabled = True
[09/02/2022 22:27:30] Debug: TaskParam Repository = Artinsoft.Common.Store.Repository
[09/02/2022 22:27:30] Debug: TaskParam RepositoryDirectory = /tmp/Repo-52ddd1b5-c3b5-4ce9-a54c-5a59ec947033/Target/.mobilize/CommonEF
[09/02/2022 22:27:30] Info: Step 2/7 - Semantic Analysis of Tables: STARTED
[09/02/2022 22:27:30] Info: Step 2/7 - Semantic Analysis of Tables: COMPLETED
[09/02/2022 22:27:30] Debug: TaskParam transformationVisitors = Artinsoft.Common.Tools.Transform.TransformationVisitors
[09/02/2022 22:27:30] Debug: TaskParam sourceLanguage = Teradata
[09/02/2022 22:27:30] Debug: TaskParam symbolTableProvider = Mobilize.Snow.Common.SymbolTableProvider
[09/02/2022 22:27:30] Debug: TaskParam TaskConversionTime = Mobilize.Snow.Assessment.TaskConversionTimeSummary
[09/02/2022 22:27:30] Debug: TaskParam SymbolTableFillingSecondTask.Input = /tmp/Repo-52ddd1b5-c3b5-4ce9-a54c-5a59ec947033/Sources/input.wsp
[09/02/2022 22:27:30] Debug: TaskParam workingSet = Artinsoft.Common.Store.RepositoryWorkingSet`2[System.String,Artinsoft.Common.Store.IItemContainer]
[09/02/2022 22:27:30] Debug: TaskParam SymbolTableFillingSecondTask.ItemMedatada = Artinsoft.Common.Store.ItemMetadata
[09/02/2022 22:27:30] Debug: TaskParam SymbolTableFillingSecondTask.Enabled = True
[09/02/2022 22:27:30] Debug: TaskParam Repository = Artinsoft.Common.Store.Repository
[09/02/2022 22:27:30] Debug: TaskParam RepositoryDirectory = /tmp/Repo-52ddd1b5-c3b5-4ce9-a54c-5a59ec947033/Target/.mobilize/CommonEF
[09/02/2022 22:27:30] Info: Step 3/7 - Semantic Analysis of Top Level Objects: STARTED
[09/02/2022 22:27:30] Info: Step 3/7 - Semantic Analysis of Top Level Objects: COMPLETED
[09/02/2022 22:27:30] Debug: TaskParam inputPath = /tmp/Repo-52ddd1b5-c3b5-4ce9-a54c-5a59ec947033/Sources
[09/02/2022 22:27:30] Debug: TaskParam transformationVisitors = Artinsoft.Common.Tools.Transform.TransformationVisitors
[09/02/2022 22:27:30] Debug: TaskParam symbolTableProvider = Mobilize.Snow.Common.SymbolTableProvider
[09/02/2022 22:27:30] Debug: TaskParam FunctionDependenciesGraphs = 
[09/02/2022 22:27:30] Debug: TaskParam sourceLanguage = Teradata
[09/02/2022 22:27:30] Debug: TaskParam TaskConversionTime = Mobilize.Snow.Assessment.TaskConversionTimeSummary
[09/02/2022 22:27:30] Debug: TaskParam DependenciesExtractorTask.Input = /tmp/Repo-52ddd1b5-c3b5-4ce9-a54c-5a59ec947033/Sources/input.wsp
[09/02/2022 22:27:30] Debug: TaskParam workingSet = Artinsoft.Common.Store.RepositoryWorkingSet`2[System.String,Artinsoft.Common.Store.IItemContainer]
[09/02/2022 22:27:30] Debug: TaskParam DependenciesExtractorTask.ItemMedatada = Artinsoft.Common.Store.ItemMetadata
[09/02/2022 22:27:30] Debug: TaskParam DependenciesExtractorTask.Enabled = True
[09/02/2022 22:27:30] Debug: TaskParam Repository = Artinsoft.Common.Store.Repository
[09/02/2022 22:27:30] Debug: TaskParam RepositoryDirectory = /tmp/Repo-52ddd1b5-c3b5-4ce9-a54c-5a59ec947033/Target/.mobilize/CommonEF
[09/02/2022 22:27:30] Info: Step 4/7 - Analysis of object dependencies: STARTED
[09/02/2022 22:27:30] Info: Step 4/7 - Analysis of object dependencies: COMPLETED
[09/02/2022 22:27:30] Debug: TaskParam transformationVisitors = Artinsoft.Common.Tools.Transform.TransformationVisitors
[09/02/2022 22:27:30] Debug: TaskParam sourceLanguage = Teradata
[09/02/2022 22:27:30] Debug: TaskParam TaskConversionTime = Mobilize.Snow.Assessment.TaskConversionTimeSummary
[09/02/2022 22:27:30] Debug: TaskParam symbolTableProvider = Mobilize.Snow.Common.SymbolTableProvider
[09/02/2022 22:27:30] Debug: TaskParam userDefinedFunctionTargetTransformation = 
[09/02/2022 22:27:30] Debug: TaskParam SnowScript = False
[09/02/2022 22:27:30] Debug: TaskParam DependenciesGraphs = [/tmp/Repo-52ddd1b5-c3b5-4ce9-a54c-5a59ec947033/Sources/CLI_T12/CLI/CustomizeNames/SQL_BasicSample.sql, Mobilize.Snow.Common.Utils.Graph.DirectedGraph]
[09/02/2022 22:27:30] Debug: TaskParam PreProcessTask.Input = /tmp/Repo-52ddd1b5-c3b5-4ce9-a54c-5a59ec947033/Sources/input.wsp
[09/02/2022 22:27:30] Debug: TaskParam workingSet = Artinsoft.Common.Store.RepositoryWorkingSet`2[System.String,Artinsoft.Common.Store.IItemContainer]
[09/02/2022 22:27:30] Debug: TaskParam PreProcessTask.ItemMedatada = Artinsoft.Common.Store.ItemMetadata
[09/02/2022 22:27:30] Debug: TaskParam PreProcessTask.Enabled = True
[09/02/2022 22:27:30] Debug: TaskParam Repository = Artinsoft.Common.Store.Repository
[09/02/2022 22:27:30] Debug: TaskParam RepositoryDirectory = /tmp/Repo-52ddd1b5-c3b5-4ce9-a54c-5a59ec947033/Target/.mobilize/CommonEF
[09/02/2022 22:27:30] Info: Step 5/7 - Pre-Processing: STARTED
[09/02/2022 22:27:30] Info: Step 5/7 - Pre-Processing: COMPLETED
[09/02/2022 22:27:30] Debug: TaskParam transformationVisitors = Artinsoft.Common.Tools.Transform.TransformationVisitors
[09/02/2022 22:27:30] Debug: TaskParam sourceLanguage = Teradata
[09/02/2022 22:27:30] Debug: TaskParam TaskConversionTime = Mobilize.Snow.Assessment.TaskConversionTimeSummary
[09/02/2022 22:27:30] Debug: TaskParam symbolTableProvider = Mobilize.Snow.Common.SymbolTableProvider
[09/02/2022 22:27:30] Debug: TaskParam preConversionAssessmentStorage = Mobilize.Snow.Assessment.PreConversionAssessmentStorage
[09/02/2022 22:27:30] Debug: TaskParam userDefinedFunctionTargetTransformation = 
[09/02/2022 22:27:30] Debug: TaskParam executeT12AssessmentMode = False
[09/02/2022 22:27:30] Debug: TaskParam PreConversionAssessmentTask.Input = /tmp/Repo-52ddd1b5-c3b5-4ce9-a54c-5a59ec947033/Sources/input.wsp
[09/02/2022 22:27:30] Debug: TaskParam workingSet = Artinsoft.Common.Store.RepositoryWorkingSet`2[System.String,Artinsoft.Common.Store.IItemContainer]
[09/02/2022 22:27:30] Debug: TaskParam PreConversionAssessmentTask.ItemMedatada = Artinsoft.Common.Store.ItemMetadata
[09/02/2022 22:27:30] Debug: TaskParam PreConversionAssessmentTask.Enabled = True
[09/02/2022 22:27:30] Debug: TaskParam Repository = Artinsoft.Common.Store.Repository
[09/02/2022 22:27:30] Debug: TaskParam RepositoryDirectory = /tmp/Repo-52ddd1b5-c3b5-4ce9-a54c-5a59ec947033/Target/.mobilize/CommonEF
[09/02/2022 22:27:30] Debug: TaskParam transformationVisitors = Artinsoft.Common.Tools.Transform.TransformationVisitors
[09/02/2022 22:27:30] Debug: TaskParam sourceLanguage = Teradata
[09/02/2022 22:27:30] Debug: TaskParam LineageInventory = Mobilize.Snow.Assessment.LineageInventory
[09/02/2022 22:27:30] Debug: TaskParam reportPath = /tmp/Repo-52ddd1b5-c3b5-4ce9-a54c-5a59ec947033/Target/Reports
[09/02/2022 22:27:30] Debug: TaskParam SessionTimestamp = 20220902.222722
[09/02/2022 22:27:30] Debug: TaskParam codeModelWriter = Mobilize.Common.AssessmentModel.Writer.CodeModelWriter
[09/02/2022 22:27:30] Debug: TaskParam symbolTableProvider = Mobilize.Snow.Common.SymbolTableProvider
[09/02/2022 22:27:30] Debug: TaskParam ExecuteOracleLineage = False
[09/02/2022 22:27:30] Debug: TaskParam LineageTask.Input = /tmp/Repo-52ddd1b5-c3b5-4ce9-a54c-5a59ec947033/Sources/input.wsp
[09/02/2022 22:27:30] Debug: TaskParam workingSet = Artinsoft.Common.Store.RepositoryWorkingSet`2[System.String,Artinsoft.Common.Store.IItemContainer]
[09/02/2022 22:27:30] Debug: TaskParam LineageTask.ItemMedatada = Artinsoft.Common.Store.ItemMetadata
[09/02/2022 22:27:30] Debug: TaskParam LineageTask.Enabled = True
[09/02/2022 22:27:30] Debug: TaskParam Repository = Artinsoft.Common.Store.Repository
[09/02/2022 22:27:30] Debug: TaskParam RepositoryDirectory = /tmp/Repo-52ddd1b5-c3b5-4ce9-a54c-5a59ec947033/Target/.mobilize/CommonEF
[09/02/2022 22:27:30] Debug: TaskParam assessmentSummaryInventory = Mobilize.Snow.Assessment.AssessmentSummaryInventory
[09/02/2022 22:27:30] Debug: TaskParam assessmentSetup = Value is not created.
[09/02/2022 22:27:30] Debug: TaskParam CustomDatabaseName = 
[09/02/2022 22:27:30] Debug: TaskParam CustomSchemaName = PUBLIC
[09/02/2022 22:27:30] Debug: TaskParam castTransformationObject = Mobilize.Snow.Common.T12.CastTransformationObject
[09/02/2022 22:27:30] Debug: TaskParam commentIfMissingDependencies = False
[09/02/2022 22:27:30] Debug: TaskParam DependenciesGraphs = [/tmp/Repo-52ddd1b5-c3b5-4ce9-a54c-5a59ec947033/Sources/CLI_T12/CLI/CustomizeNames/SQL_BasicSample.sql, Mobilize.Snow.Common.Utils.Graph.DirectedGraph]
[09/02/2022 22:27:30] Debug: TaskParam FunctionDependenciesGraphs = [/tmp/Repo-52ddd1b5-c3b5-4ce9-a54c-5a59ec947033/Sources/CLI_T12/CLI/CustomizeNames/SQL_BasicSample.sql, Mobilize.Snow.Common.Utils.Graph.FunctionDependenciesGraph]
[09/02/2022 22:27:30] Debug: TaskParam detailsInventory = Mobilize.Snow.Assessment.DetailsInventory
[09/02/2022 22:27:30] Debug: TaskParam unsupportedInventory = Mobilize.Snow.Assessment.UnsupportedInventory
[09/02/2022 22:27:30] Debug: TaskParam inputPath = /tmp/Repo-52ddd1b5-c3b5-4ce9-a54c-5a59ec947033/Sources
[09/02/2022 22:27:30] Debug: TaskParam inventory = Mobilize.Snow.Assessment.SqlObjectsInventory
[09/02/2022 22:27:30] Debug: TaskParam issueInventory = Value is not created.
[09/02/2022 22:27:30] Debug: TaskParam Mappings = Mobilize.Snow.ConversionTool.Mapper.SnowFlakeMappingsContainer
[09/02/2022 22:27:30] Debug: TaskParam outputPath = /tmp/Repo-52ddd1b5-c3b5-4ce9-a54c-5a59ec947033/Target/Output
[09/02/2022 22:27:30] Debug: TaskParam symbolTableProvider = Mobilize.Snow.Common.SymbolTableProvider
[09/02/2022 22:27:30] Debug: TaskParam transformationVisitors = Artinsoft.Common.Tools.Transform.TransformationVisitors
[09/02/2022 22:27:30] Debug: TaskParam sourceLanguage = Teradata
[09/02/2022 22:27:30] Debug: TaskParam TaskConversionTime = Mobilize.Snow.Assessment.TaskConversionTimeSummary
[09/02/2022 22:27:30] Debug: TaskParam AssessmentManager = Mobilize.Snow.Assessment.AssessmentManager
[09/02/2022 22:27:30] Debug: TaskParam stubManager = Mobilize.Snow.Common.Utils.StubGenerationManager
[09/02/2022 22:27:30] Debug: TaskParam UDFManager = Mobilize.Snow.Common.UdfManager
[09/02/2022 22:27:30] Debug: TaskParam DbObjectFilesManager = Mobilize.Snow.Common.DatabaseObjectFilesManager
[09/02/2022 22:27:30] Debug: TaskParam assessmentEwiCalculator = Mobilize.Snow.Assessment.AssessmentEwiCalculator
[09/02/2022 22:27:30] Debug: TaskParam locationService = Value is not created.
[09/02/2022 22:27:30] Debug: TaskParam parsingErrorMessageCustomizer = Value is not created.
[09/02/2022 22:27:30] Debug: TaskParam ewiInformation = Value is not created.
[09/02/2022 22:27:30] Debug: TaskParam DisableSynonym = False
[09/02/2022 22:27:30] Debug: TaskParam DisablePackagesAsSchemas = False
[09/02/2022 22:27:30] Debug: TaskParam SysdateAsCurrentTimestamp = False
[09/02/2022 22:27:30] Debug: TaskParam codeModelWriter = Mobilize.Common.AssessmentModel.Writer.CodeModelWriter
[09/02/2022 22:27:30] Debug: TaskParam ReplaceDeleteAllToTruncate = False
[09/02/2022 22:27:30] Debug: TaskParam useDatabase = False
[09/02/2022 22:27:30] Debug: TaskParam userDefinedFunctionTargetTransformation = 
[09/02/2022 22:27:30] Debug: TaskParam SnowScript = False
[09/02/2022 22:27:30] Debug: TaskParam executeT12AssessmentMode = False
[09/02/2022 22:27:30] Debug: TaskParam processingProgressDescriptor = Mobilize.Common.Utils.Progress.SingleProgressDescriptor
[09/02/2022 22:27:30] Debug: TaskParam ExecutionModeValue = Conversion
[09/02/2022 22:27:30] Debug: TaskParam inputInfo = Mobilize.Snow.ConversionTool.Tasks.T12InputFilesInfo
[09/02/2022 22:27:30] Debug: TaskParam TransformationsTask.Input = /tmp/Repo-52ddd1b5-c3b5-4ce9-a54c-5a59ec947033/Sources/input.wsp
[09/02/2022 22:27:30] Debug: TaskParam workingSet = Artinsoft.Common.Store.RepositoryWorkingSet`2[System.String,Artinsoft.Common.Store.IItemContainer]
[09/02/2022 22:27:30] Debug: TaskParam TransformationsTask.ItemMedatada = Artinsoft.Common.Store.ItemMetadata
[09/02/2022 22:27:30] Debug: TaskParam TransformationsTask.Enabled = True
[09/02/2022 22:27:30] Debug: TaskParam Repository = Artinsoft.Common.Store.Repository
[09/02/2022 22:27:30] Debug: TaskParam RepositoryDirectory = /tmp/Repo-52ddd1b5-c3b5-4ce9-a54c-5a59ec947033/Target/.mobilize/CommonEF
[09/02/2022 22:27:30] Info: Step 6/7 - Conversion Execution: STARTED
[09/02/2022 22:27:30] Info: Start transforming file SQL_BasicSample.sql
[09/02/2022 22:27:30] Info: Transformed file SQL_BasicSample.sql
[09/02/2022 22:27:30] Info: Step 6/7 - Conversion Execution: COMPLETED
[09/02/2022 22:27:30] Debug: TaskParam CustomSchemaName = PUBLIC
[09/02/2022 22:27:30] Debug: TaskParam initialTime = 09/02/2022 22:27:23
[09/02/2022 22:27:30] Debug: TaskParam coverage = 0
[09/02/2022 22:27:30] Debug: TaskParam inventory = Mobilize.Snow.Assessment.SqlObjectsInventory
[09/02/2022 22:27:30] Debug: TaskParam unsupportedInventory = Mobilize.Snow.Assessment.UnsupportedInventory
[09/02/2022 22:27:30] Debug: TaskParam issueInventory = Mobilize.Snow.Assessment.IssueInventory
[09/02/2022 22:27:30] Debug: TaskParam detailsInventory = Mobilize.Snow.Assessment.DetailsInventory
[09/02/2022 22:27:30] Debug: TaskParam assessmentSummaryInventory = Mobilize.Snow.Assessment.AssessmentSummaryInventory
[09/02/2022 22:27:30] Debug: TaskParam SnowScript = False
[09/02/2022 22:27:30] Debug: TaskParam reportPath = /tmp/Repo-52ddd1b5-c3b5-4ce9-a54c-5a59ec947033/Target/Reports
[09/02/2022 22:27:30] Debug: TaskParam totalLOC = 102
[09/02/2022 22:27:30] Debug: TaskParam totalProcessedLOC = 0
[09/02/2022 22:27:30] Debug: TaskParam inputInfo = Mobilize.Snow.ConversionTool.Tasks.T12InputFilesInfo
[09/02/2022 22:27:30] Debug: TaskParam inputPath = /tmp/Repo-52ddd1b5-c3b5-4ce9-a54c-5a59ec947033/Sources
[09/02/2022 22:27:30] Debug: TaskParam SessionTimestamp = 20220902.222722
[09/02/2022 22:27:30] Debug: TaskParam snowConfiguration = Mobilize.BDS.Converter.SnowConvert.Configuration.SnowCodeProcessorConfiguration
[09/02/2022 22:27:30] Debug: TaskParam TaskConversionTime = Mobilize.Snow.Assessment.TaskConversionTimeSummary
[09/02/2022 22:27:30] Debug: TaskParam outputPath = /tmp/Repo-52ddd1b5-c3b5-4ce9-a54c-5a59ec947033/Target/Output
[09/02/2022 22:27:30] Debug: TaskParam stubManager = Mobilize.Snow.Common.Utils.StubGenerationManager
[09/02/2022 22:27:30] Debug: TaskParam UDFManager = Mobilize.Snow.Common.UdfManager
[09/02/2022 22:27:30] Debug: TaskParam DashboardMode = False
[09/02/2022 22:27:30] Debug: TaskParam sourceLanguage = Teradata
[09/02/2022 22:27:30] Debug: TaskParam AssessmentManager = Mobilize.Snow.Assessment.AssessmentManager
[09/02/2022 22:27:30] Debug: TaskParam writeResultsProgressDescriptor = Mobilize.Common.Utils.Progress.SingleProgressDescriptor
[09/02/2022 22:27:30] Debug: TaskParam snowExecutionResult = Mobilize.Snow.Configuration.Models.SnowExecutionResult
[09/02/2022 22:27:30] Debug: TaskParam parsedFilesCount = 1
[09/02/2022 22:27:30] Debug: TaskParam executeT12AssessmentMode = False
[09/02/2022 22:27:30] Debug: TaskParam ewiFormatter = Value is not created.
[09/02/2022 22:27:30] Debug: TaskParam ewiInformation = Mobilize.Snow.Issues.EwiInformationService
[09/02/2022 22:27:30] Debug: TaskParam locationService = Mobilize.Snow.Common.LocationService
[09/02/2022 22:27:30] Debug: TaskParam assessmentEwiCalculator = Mobilize.Snow.Assessment.AssessmentEwiCalculator
[09/02/2022 22:27:30] Debug: TaskParam ExecutionModeValue = Conversion
[09/02/2022 22:27:30] Debug: TaskParam ConversionEndTask.Input = /tmp/Repo-52ddd1b5-c3b5-4ce9-a54c-5a59ec947033/Sources/input.wsp
[09/02/2022 22:27:30] Debug: TaskParam workingSet = Artinsoft.Common.Store.RepositoryWorkingSet`2[System.String,Artinsoft.Common.Store.IItemContainer]
[09/02/2022 22:27:30] Debug: TaskParam ConversionEndTask.ItemMedatada = Artinsoft.Common.Store.ItemMetadata
[09/02/2022 22:27:30] Debug: TaskParam ConversionEndTask.Enabled = True
[09/02/2022 22:27:30] Debug: TaskParam Repository = Artinsoft.Common.Store.Repository
[09/02/2022 22:27:30] Debug: TaskParam RepositoryDirectory = /tmp/Repo-52ddd1b5-c3b5-4ce9-a54c-5a59ec947033/Target/.mobilize/CommonEF
[09/02/2022 22:27:30] Info: Step 7/7 - Stats and Reports: STARTED
[09/02/2022 22:27:31] Info: 
	==============================================================================
	SnowConvert assessment execution summary
	 - Files: 1
	 - Files Not Generated: 0
	 - Total lines of code: 102
	 - Automatically converted: 86%
	 - Conversion time: 00:00:08
	 - Conversion speed: 12 lines of code per second
	See the report files for more details about the conversion status.
	==============================================================================

[09/02/2022 22:27:31] Info: 
	==============================================================================
	LICENSE
	SnowConvert Tool.
	Production use or redistribution of tool or its output is strictly prohibited.
	Copyright (c) Mobilize.Net Corporation, 2021.
	For more License Terms and Conditions run SnowConvert with --terms.
	==============================================================================

[09/02/2022 22:27:31] Info: Writing the assessment reports
[09/02/2022 22:27:31] Error: COULD NOT WRITE THE ASSESSMENT DETAILS REPORT FILE 20220902.222722, ERROR MESSAGE: Object reference not set to an instance of an object.
[09/02/2022 22:27:31] Debug: Exception for previous error: Object reference not set to an instance of an object.
   at Mobilize.Snow.ConversionTool.Tasks.ConversionEndTask.WriteHtmlFile(String jsonFileName, IEnumerable`1 issues)
[09/02/2022 22:27:32] Info: Step 7/7 - Stats and Reports: COMPLETED
[09/02/2022 22:27:32] Info: EFProcess 637977544477162334 ended. Excecution time: 00:00:04.7830937
[09/02/2022 22:27:32] Info: Writing the issues report
