[05/25/2022 05:16:37] Info: SourceLanguage set to Teradata based on the appsettings configuration.
[05/25/2022 05:16:37] Info: Starting to analyze the input path '/tmp/Repo-bbdc2dec-b4d5-4f73-8368-786be070a657/Sources'...
[05/25/2022 05:16:37] Info: Found 9 SQL files with a total size of 3.33MB
[05/25/2022 05:16:37] Info: Found 0 BTEQ files
[05/25/2022 05:16:37] Info: Found 0 FastLoad files
[05/25/2022 05:16:37] Info: Found 0 MultiLoad files
[05/25/2022 05:16:37] Info: Found 0 TPump files
[05/25/2022 05:16:37] Info: Found 0 TPT files
[05/25/2022 05:16:37] Info: Starting the parsing process of 9 files with 3.33MB of code, this might take a while...
[05/25/2022 05:16:43] Info: EFProcess 637890526032053373 started
[05/25/2022 05:16:43] Debug: TaskParam transformationVisitors = Value is not created.
[05/25/2022 05:16:43] Debug: TaskParam issueInventory = Mobilize.Snow.Assessment.IssueInventory
[05/25/2022 05:16:43] Debug: TaskParam totalLOC = 0
[05/25/2022 05:16:43] Debug: TaskParam assessmentSummaryInventory = Mobilize.Snow.Assessment.AssessmentSummaryInventory
[05/25/2022 05:16:43] Debug: TaskParam sourceLanguage = Teradata
[05/25/2022 05:16:43] Debug: TaskParam TaskConversionTime = Mobilize.Snow.Assessment.TaskConversionTimeSummary
[05/25/2022 05:16:43] Debug: TaskParam parsingProgressDescriptor = Mobilize.Common.Utils.Progress.SingleProgressDescriptor
[05/25/2022 05:16:43] Debug: TaskParam processingProgressDescriptor = Mobilize.Common.Utils.Progress.SingleProgressDescriptor
[05/25/2022 05:16:43] Debug: TaskParam parsedFilesCount = 0
[05/25/2022 05:16:43] Debug: TaskParam AssessmentManager = Mobilize.Snow.Assessment.AssessmentManager
[05/25/2022 05:16:43] Debug: TaskParam ConversionBeginTask.Input = /tmp/Repo-bbdc2dec-b4d5-4f73-8368-786be070a657/Sources/input.wsp
[05/25/2022 05:16:43] Debug: TaskParam workingSet = Value is not created.
[05/25/2022 05:16:43] Debug: TaskParam ConversionBeginTask.ItemMedatada = Artinsoft.Common.Store.ItemMetadata
[05/25/2022 05:16:43] Debug: TaskParam ConversionBeginTask.Enabled = True
[05/25/2022 05:16:43] Debug: TaskParam Repository = Value is not created.
[05/25/2022 05:16:43] Debug: TaskParam RepositoryDirectory = /tmp/Repo-bbdc2dec-b4d5-4f73-8368-786be070a657/Target/.mobilize/CommonEF
[05/25/2022 05:16:43] Info: Step 1/7 - Loading Code: STARTED
[05/25/2022 05:16:45] Error: There are 3 parsing errors in the file /tmp/Repo-bbdc2dec-b4d5-4f73-8368-786be070a657/Sources/CLI_T12/CLI/disableEwiComments/disableEwiComments.sql
[05/25/2022 05:16:45] Error: disableEwiComments.sql(1, 1): Unrecognized or invalid STATEMENT @(1, 1). Last valid token was 'CREATE' @(1, 1) 
[05/25/2022 05:16:45] Error: disableEwiComments.sql(4, 2): Unrecognized or invalid STATEMENT @(4, 2). Last valid token was 'COL1' @(4, 2) 
[05/25/2022 05:16:45] Error: disableEwiComments.sql(5, 1): Unrecognized or invalid STATEMENT @(5, 1). Last valid token was ';' @(4, 11), failed token ')' @(5, 1) 
[05/25/2022 05:16:53] Info: Step 1/7 - Loading Code: COMPLETED
[05/25/2022 05:16:53] Debug: TaskParam transformationVisitors = Value is not created.
[05/25/2022 05:16:53] Debug: TaskParam sourceLanguage = Teradata
[05/25/2022 05:16:53] Debug: TaskParam TaskConversionTime = Mobilize.Snow.Assessment.TaskConversionTimeSummary
[05/25/2022 05:16:53] Debug: TaskParam SymbolTableFillingTask.Input = /tmp/Repo-bbdc2dec-b4d5-4f73-8368-786be070a657/Sources/input.wsp
[05/25/2022 05:16:53] Debug: TaskParam workingSet = Artinsoft.Common.Store.RepositoryWorkingSet`2[System.String,Artinsoft.Common.Store.IItemContainer]
[05/25/2022 05:16:53] Debug: TaskParam SymbolTableFillingTask.ItemMedatada = Artinsoft.Common.Store.ItemMetadata
[05/25/2022 05:16:53] Debug: TaskParam SymbolTableFillingTask.Enabled = True
[05/25/2022 05:16:53] Debug: TaskParam Repository = Artinsoft.Common.Store.Repository
[05/25/2022 05:16:53] Debug: TaskParam RepositoryDirectory = /tmp/Repo-bbdc2dec-b4d5-4f73-8368-786be070a657/Target/.mobilize/CommonEF
[05/25/2022 05:16:53] Info: Step 2/7 - Semantic Analysis of Tables: STARTED
[05/25/2022 05:16:59] Info: Step 2/7 - Semantic Analysis of Tables: COMPLETED
[05/25/2022 05:16:59] Debug: TaskParam transformationVisitors = Artinsoft.Common.Tools.Transform.TransformationVisitors
[05/25/2022 05:16:59] Debug: TaskParam sourceLanguage = Teradata
[05/25/2022 05:16:59] Debug: TaskParam symbolTable = Mobilize.T12Data.SymbolTable.TdSymbolTable
[05/25/2022 05:16:59] Debug: TaskParam TaskConversionTime = Mobilize.Snow.Assessment.TaskConversionTimeSummary
[05/25/2022 05:16:59] Debug: TaskParam SymbolTableFillingSecondTask.Input = /tmp/Repo-bbdc2dec-b4d5-4f73-8368-786be070a657/Sources/input.wsp
[05/25/2022 05:16:59] Debug: TaskParam workingSet = Artinsoft.Common.Store.RepositoryWorkingSet`2[System.String,Artinsoft.Common.Store.IItemContainer]
[05/25/2022 05:16:59] Debug: TaskParam SymbolTableFillingSecondTask.ItemMedatada = Artinsoft.Common.Store.ItemMetadata
[05/25/2022 05:16:59] Debug: TaskParam SymbolTableFillingSecondTask.Enabled = True
[05/25/2022 05:16:59] Debug: TaskParam Repository = Artinsoft.Common.Store.Repository
[05/25/2022 05:16:59] Debug: TaskParam RepositoryDirectory = /tmp/Repo-bbdc2dec-b4d5-4f73-8368-786be070a657/Target/.mobilize/CommonEF
[05/25/2022 05:16:59] Info: Step 3/7 - Semantic Analysis of Top Level Objects: STARTED
[05/25/2022 05:17:00] Info: Step 3/7 - Semantic Analysis of Top Level Objects: COMPLETED
[05/25/2022 05:17:00] Debug: TaskParam transformationVisitors = Artinsoft.Common.Tools.Transform.TransformationVisitors
[05/25/2022 05:17:00] Debug: TaskParam sourceLanguage = Teradata
[05/25/2022 05:17:00] Debug: TaskParam TaskConversionTime = Mobilize.Snow.Assessment.TaskConversionTimeSummary
[05/25/2022 05:17:00] Debug: TaskParam symbolTable = Mobilize.T12Data.SymbolTable.TdSymbolTable
[05/25/2022 05:17:00] Debug: TaskParam userDefinedFunctionTargetTransformation = 
[05/25/2022 05:17:00] Debug: TaskParam PreProcessTask.Input = /tmp/Repo-bbdc2dec-b4d5-4f73-8368-786be070a657/Sources/input.wsp
[05/25/2022 05:17:00] Debug: TaskParam workingSet = Artinsoft.Common.Store.RepositoryWorkingSet`2[System.String,Artinsoft.Common.Store.IItemContainer]
[05/25/2022 05:17:00] Debug: TaskParam PreProcessTask.ItemMedatada = Artinsoft.Common.Store.ItemMetadata
[05/25/2022 05:17:00] Debug: TaskParam PreProcessTask.Enabled = True
[05/25/2022 05:17:00] Debug: TaskParam Repository = Artinsoft.Common.Store.Repository
[05/25/2022 05:17:00] Debug: TaskParam RepositoryDirectory = /tmp/Repo-bbdc2dec-b4d5-4f73-8368-786be070a657/Target/.mobilize/CommonEF
[05/25/2022 05:17:00] Info: Step 4/7 - Pre-Processing: STARTED
[05/25/2022 05:17:02] Info: Step 4/7 - Pre-Processing: COMPLETED
[05/25/2022 05:17:02] Debug: TaskParam inputPath = /tmp/Repo-bbdc2dec-b4d5-4f73-8368-786be070a657/Sources
[05/25/2022 05:17:02] Debug: TaskParam transformationVisitors = Artinsoft.Common.Tools.Transform.TransformationVisitors
[05/25/2022 05:17:02] Debug: TaskParam symbolTable = Mobilize.T12Data.SymbolTable.TdSymbolTable
[05/25/2022 05:17:02] Debug: TaskParam FunctionDependenciesGraphs = 
[05/25/2022 05:17:02] Debug: TaskParam sourceLanguage = Teradata
[05/25/2022 05:17:02] Debug: TaskParam TaskConversionTime = Mobilize.Snow.Assessment.TaskConversionTimeSummary
[05/25/2022 05:17:02] Debug: TaskParam DependenciesExtractorTask.Input = /tmp/Repo-bbdc2dec-b4d5-4f73-8368-786be070a657/Sources/input.wsp
[05/25/2022 05:17:02] Debug: TaskParam workingSet = Artinsoft.Common.Store.RepositoryWorkingSet`2[System.String,Artinsoft.Common.Store.IItemContainer]
[05/25/2022 05:17:02] Debug: TaskParam DependenciesExtractorTask.ItemMedatada = Artinsoft.Common.Store.ItemMetadata
[05/25/2022 05:17:02] Debug: TaskParam DependenciesExtractorTask.Enabled = True
[05/25/2022 05:17:02] Debug: TaskParam Repository = Artinsoft.Common.Store.Repository
[05/25/2022 05:17:02] Debug: TaskParam RepositoryDirectory = /tmp/Repo-bbdc2dec-b4d5-4f73-8368-786be070a657/Target/.mobilize/CommonEF
[05/25/2022 05:17:02] Info: Step 5/7 - Analysis of object dependencies: STARTED
[05/25/2022 05:17:02] Info: Step 5/7 - Analysis of object dependencies: COMPLETED
[05/25/2022 05:17:02] Debug: TaskParam transformationVisitors = Artinsoft.Common.Tools.Transform.TransformationVisitors
[05/25/2022 05:17:02] Debug: TaskParam sourceLanguage = Teradata
[05/25/2022 05:17:02] Debug: TaskParam TaskConversionTime = Mobilize.Snow.Assessment.TaskConversionTimeSummary
[05/25/2022 05:17:02] Debug: TaskParam symbolTable = Mobilize.T12Data.SymbolTable.TdSymbolTable
[05/25/2022 05:17:02] Debug: TaskParam preConversionAssessmentStorage = Mobilize.Snow.Assessment.PreConversionAssessmentStorage
[05/25/2022 05:17:02] Debug: TaskParam userDefinedFunctionTargetTransformation = 
[05/25/2022 05:17:02] Debug: TaskParam PreConversionAssessmentTask.Input = /tmp/Repo-bbdc2dec-b4d5-4f73-8368-786be070a657/Sources/input.wsp
[05/25/2022 05:17:02] Debug: TaskParam workingSet = Artinsoft.Common.Store.RepositoryWorkingSet`2[System.String,Artinsoft.Common.Store.IItemContainer]
[05/25/2022 05:17:02] Debug: TaskParam PreConversionAssessmentTask.ItemMedatada = Artinsoft.Common.Store.ItemMetadata
[05/25/2022 05:17:02] Debug: TaskParam PreConversionAssessmentTask.Enabled = True
[05/25/2022 05:17:02] Debug: TaskParam Repository = Artinsoft.Common.Store.Repository
[05/25/2022 05:17:02] Debug: TaskParam RepositoryDirectory = /tmp/Repo-bbdc2dec-b4d5-4f73-8368-786be070a657/Target/.mobilize/CommonEF
[05/25/2022 05:17:02] Debug: TaskParam transformationVisitors = Artinsoft.Common.Tools.Transform.TransformationVisitors
[05/25/2022 05:17:02] Debug: TaskParam sourceLanguage = Teradata
[05/25/2022 05:17:02] Debug: TaskParam LineageInventory = Mobilize.Snow.Assessment.LineageInventory
[05/25/2022 05:17:02] Debug: TaskParam reportPath = /tmp/Repo-bbdc2dec-b4d5-4f73-8368-786be070a657/Target/Reports
[05/25/2022 05:17:02] Debug: TaskParam SessionTimestamp = 20220525.051637
[05/25/2022 05:17:02] Debug: TaskParam codeModelWriter = Mobilize.Common.AssessmentModel.Writer.CodeModelWriter
[05/25/2022 05:17:02] Debug: TaskParam symbolTable = Mobilize.T12Data.SymbolTable.TdSymbolTable
[05/25/2022 05:17:02] Debug: TaskParam ExecuteOracleLineage = False
[05/25/2022 05:17:02] Debug: TaskParam LineageTask.Input = /tmp/Repo-bbdc2dec-b4d5-4f73-8368-786be070a657/Sources/input.wsp
[05/25/2022 05:17:02] Debug: TaskParam workingSet = Artinsoft.Common.Store.RepositoryWorkingSet`2[System.String,Artinsoft.Common.Store.IItemContainer]
[05/25/2022 05:17:02] Debug: TaskParam LineageTask.ItemMedatada = Artinsoft.Common.Store.ItemMetadata
[05/25/2022 05:17:02] Debug: TaskParam LineageTask.Enabled = True
[05/25/2022 05:17:02] Debug: TaskParam Repository = Artinsoft.Common.Store.Repository
[05/25/2022 05:17:02] Debug: TaskParam RepositoryDirectory = /tmp/Repo-bbdc2dec-b4d5-4f73-8368-786be070a657/Target/.mobilize/CommonEF
[05/25/2022 05:17:02] Debug: TaskParam assessmentSummaryInventory = Mobilize.Snow.Assessment.AssessmentSummaryInventory
[05/25/2022 05:17:02] Debug: TaskParam CustomDatabaseName = 
[05/25/2022 05:17:02] Debug: TaskParam CustomSchemaName = PUBLIC
[05/25/2022 05:17:02] Debug: TaskParam IsUserSpecifiedSchemaName = False
[05/25/2022 05:17:02] Debug: TaskParam castTransformationObject = Mobilize.Snow.Common.T12.CastTransformationObject
[05/25/2022 05:17:02] Debug: TaskParam commentIfMissingDependencies = False
[05/25/2022 05:17:02] Debug: TaskParam DependenciesGraphs = [/tmp/Repo-bbdc2dec-b4d5-4f73-8368-786be070a657/Sources/CLI_T12/CLI/TC_401780/Table_DDL_accross_Databases.sql, Mobilize.Snow.Common.Utils.Graph.DirectedGraph], [/tmp/Repo-bbdc2dec-b4d5-4f73-8368-786be070a657/Sources/CLI_T12/CLI/missingDependencies/missingDependencies.sql, Mobilize.Snow.Common.Utils.Graph.DirectedGraph], [/tmp/Repo-bbdc2dec-b4d5-4f73-8368-786be070a657/Sources/CLI_T12/CLI/Encoding/US-ASCII/US-ASCII.sql, Mobilize.Snow.Common.Utils.Graph.DirectedGraph], [/tmp/Repo-bbdc2dec-b4d5-4f73-8368-786be070a657/Sources/CLI_T12/CLI/replaceDeleteAllToTruncate/replaceDeleteAllToTruncate.sql, Mobilize.Snow.Common.Utils.Graph.DirectedGraph], [/tmp/Repo-bbdc2dec-b4d5-4f73-8368-786be070a657/Sources/CLI_T12/CLI/timeFormat/timeFormat.sql, Mobilize.Snow.Common.Utils.Graph.DirectedGraph], [/tmp/Repo-bbdc2dec-b4d5-4f73-8368-786be070a657/Sources/CLI_T12/CLI/Encoding/Western European (ISO 8859-1)/Western European (ISO 8859-1).sql, Mobilize.Snow.Common.Utils.Graph.DirectedGraph], [/tmp/Repo-bbdc2dec-b4d5-4f73-8368-786be070a657/Sources/CLI_T12/CLI/Encoding/Unicode (UTF-8)/Unicode (UTF-8).sql, Mobilize.Snow.Common.Utils.Graph.DirectedGraph], [/tmp/Repo-bbdc2dec-b4d5-4f73-8368-786be070a657/Sources/CLI_T12/CLI/CustomizeNames/SQL_BasicSample.sql, Mobilize.Snow.Common.Utils.Graph.DirectedGraph], [/tmp/Repo-bbdc2dec-b4d5-4f73-8368-786be070a657/Sources/CLI_T12/CLI/disableEwiComments/disableEwiComments.sql, Mobilize.Snow.Common.Utils.Graph.DirectedGraph]
[05/25/2022 05:17:02] Debug: TaskParam FunctionDependenciesGraphs = [/tmp/Repo-bbdc2dec-b4d5-4f73-8368-786be070a657/Sources/CLI_T12/CLI/TC_401780/Table_DDL_accross_Databases.sql, Mobilize.Snow.Common.Utils.Graph.FunctionDependenciesGraph], [/tmp/Repo-bbdc2dec-b4d5-4f73-8368-786be070a657/Sources/CLI_T12/CLI/missingDependencies/missingDependencies.sql, Mobilize.Snow.Common.Utils.Graph.FunctionDependenciesGraph], [/tmp/Repo-bbdc2dec-b4d5-4f73-8368-786be070a657/Sources/CLI_T12/CLI/Encoding/US-ASCII/US-ASCII.sql, Mobilize.Snow.Common.Utils.Graph.FunctionDependenciesGraph], [/tmp/Repo-bbdc2dec-b4d5-4f73-8368-786be070a657/Sources/CLI_T12/CLI/replaceDeleteAllToTruncate/replaceDeleteAllToTruncate.sql, Mobilize.Snow.Common.Utils.Graph.FunctionDependenciesGraph], [/tmp/Repo-bbdc2dec-b4d5-4f73-8368-786be070a657/Sources/CLI_T12/CLI/timeFormat/timeFormat.sql, Mobilize.Snow.Common.Utils.Graph.FunctionDependenciesGraph], [/tmp/Repo-bbdc2dec-b4d5-4f73-8368-786be070a657/Sources/CLI_T12/CLI/Encoding/Western European (ISO 8859-1)/Western European (ISO 8859-1).sql, Mobilize.Snow.Common.Utils.Graph.FunctionDependenciesGraph], [/tmp/Repo-bbdc2dec-b4d5-4f73-8368-786be070a657/Sources/CLI_T12/CLI/Encoding/Unicode (UTF-8)/Unicode (UTF-8).sql, Mobilize.Snow.Common.Utils.Graph.FunctionDependenciesGraph], [/tmp/Repo-bbdc2dec-b4d5-4f73-8368-786be070a657/Sources/CLI_T12/CLI/CustomizeNames/SQL_BasicSample.sql, Mobilize.Snow.Common.Utils.Graph.FunctionDependenciesGraph], [/tmp/Repo-bbdc2dec-b4d5-4f73-8368-786be070a657/Sources/CLI_T12/CLI/disableEwiComments/disableEwiComments.sql, Mobilize.Snow.Common.Utils.Graph.FunctionDependenciesGraph]
[05/25/2022 05:17:02] Debug: TaskParam detailsInventory = Mobilize.Snow.Assessment.DetailsInventory
[05/25/2022 05:17:02] Debug: TaskParam unsupportedInventory = Mobilize.Snow.Assessment.UnsupportedInventory
[05/25/2022 05:17:02] Debug: TaskParam ExecutionModeValue = Conversion
[05/25/2022 05:17:02] Debug: TaskParam inputPath = /tmp/Repo-bbdc2dec-b4d5-4f73-8368-786be070a657/Sources
[05/25/2022 05:17:02] Debug: TaskParam inventory = Mobilize.Snow.Assessment.SqlObjectsInventory
[05/25/2022 05:17:02] Debug: TaskParam issueInventory = Mobilize.Snow.Assessment.IssueInventory
[05/25/2022 05:17:02] Debug: TaskParam Mappings = Mobilize.Snow.ConversionTool.Mapper.SnowFlakeMappingsContainer
[05/25/2022 05:17:02] Debug: TaskParam outputPath = /tmp/Repo-bbdc2dec-b4d5-4f73-8368-786be070a657/Target/Output
[05/25/2022 05:17:02] Debug: TaskParam symbolTable = Mobilize.T12Data.SymbolTable.TdSymbolTable
[05/25/2022 05:17:02] Debug: TaskParam transformationVisitors = Artinsoft.Common.Tools.Transform.TransformationVisitors
[05/25/2022 05:17:02] Debug: TaskParam sourceLanguage = Teradata
[05/25/2022 05:17:02] Debug: TaskParam TaskConversionTime = Mobilize.Snow.Assessment.TaskConversionTimeSummary
[05/25/2022 05:17:02] Debug: TaskParam AssessmentManager = Mobilize.Snow.Assessment.AssessmentManager
[05/25/2022 05:17:02] Debug: TaskParam stubManager = Mobilize.Snow.Common.Utils.StubGenerationManager
[05/25/2022 05:17:02] Debug: TaskParam UDFManager = Mobilize.Snow.Common.UdfManager
[05/25/2022 05:17:02] Debug: TaskParam inputInfo = Mobilize.Snow.ConversionTool.Tasks.T12InputFilesInfo
[05/25/2022 05:17:02] Debug: TaskParam DisableSynonym = False
[05/25/2022 05:17:02] Debug: TaskParam DisablePackagesAsSchemas = False
[05/25/2022 05:17:02] Debug: TaskParam SysdateAsCurrentTimestamp = False
[05/25/2022 05:17:02] Debug: TaskParam codeModelWriter = Mobilize.Common.AssessmentModel.Writer.CodeModelWriter
[05/25/2022 05:17:02] Debug: TaskParam ReplaceDeleteAllToTruncate = False
[05/25/2022 05:17:02] Debug: TaskParam processingProgressDescriptor = Mobilize.Common.Utils.Progress.SingleProgressDescriptor
[05/25/2022 05:17:02] Debug: TaskParam useDatabase = False
[05/25/2022 05:17:02] Debug: TaskParam userDefinedFunctionTargetTransformation = 
[05/25/2022 05:17:02] Debug: TaskParam SnowScript = False
[05/25/2022 05:17:02] Debug: TaskParam TransformationsTask.Input = /tmp/Repo-bbdc2dec-b4d5-4f73-8368-786be070a657/Sources/input.wsp
[05/25/2022 05:17:02] Debug: TaskParam workingSet = Artinsoft.Common.Store.RepositoryWorkingSet`2[System.String,Artinsoft.Common.Store.IItemContainer]
[05/25/2022 05:17:02] Debug: TaskParam TransformationsTask.ItemMedatada = Artinsoft.Common.Store.ItemMetadata
[05/25/2022 05:17:02] Debug: TaskParam TransformationsTask.Enabled = True
[05/25/2022 05:17:02] Debug: TaskParam Repository = Artinsoft.Common.Store.Repository
[05/25/2022 05:17:02] Debug: TaskParam RepositoryDirectory = /tmp/Repo-bbdc2dec-b4d5-4f73-8368-786be070a657/Target/.mobilize/CommonEF
[05/25/2022 05:17:02] Info: Step 6/7 - Conversion Execution: STARTED
[05/25/2022 05:17:03] Info: Transformed file missingDependencies.sql
[05/25/2022 05:17:03] Info: Transformed file US-ASCII.sql
[05/25/2022 05:17:03] Info: Transformed file replaceDeleteAllToTruncate.sql
[05/25/2022 05:17:03] Info: Transformed file timeFormat.sql
[05/25/2022 05:17:03] Info: Transformed file Western European (ISO 8859-1).sql
[05/25/2022 05:17:03] Info: Transformed file Unicode (UTF-8).sql
[05/25/2022 05:17:04] Info: Transformed file SQL_BasicSample.sql
[05/25/2022 05:17:04] Info: Transformed file disableEwiComments.sql
[05/25/2022 05:17:11] Info: Transformed file Table_DDL_accross_Databases.sql
[05/25/2022 05:17:12] Info: Step 6/7 - Conversion Execution: COMPLETED
[05/25/2022 05:17:12] Debug: TaskParam CustomSchemaName = PUBLIC
[05/25/2022 05:17:12] Debug: TaskParam initialTime = 05/25/2022 05:16:37
[05/25/2022 05:17:12] Debug: TaskParam coverage = 0
[05/25/2022 05:17:12] Debug: TaskParam inventory = Mobilize.Snow.Assessment.SqlObjectsInventory
[05/25/2022 05:17:12] Debug: TaskParam unsupportedInventory = Mobilize.Snow.Assessment.UnsupportedInventory
[05/25/2022 05:17:12] Debug: TaskParam issueInventory = Mobilize.Snow.Assessment.IssueInventory
[05/25/2022 05:17:12] Debug: TaskParam detailsInventory = Mobilize.Snow.Assessment.DetailsInventory
[05/25/2022 05:17:12] Debug: TaskParam assessmentSummaryInventory = Mobilize.Snow.Assessment.AssessmentSummaryInventory
[05/25/2022 05:17:12] Debug: TaskParam SnowScript = False
[05/25/2022 05:17:12] Debug: TaskParam reportPath = /tmp/Repo-bbdc2dec-b4d5-4f73-8368-786be070a657/Target/Reports
[05/25/2022 05:17:12] Debug: TaskParam totalLOC = 62063
[05/25/2022 05:17:12] Debug: TaskParam totalProcessedLOC = 0
[05/25/2022 05:17:12] Debug: TaskParam inputInfo = Mobilize.Snow.ConversionTool.Tasks.T12InputFilesInfo
[05/25/2022 05:17:12] Debug: TaskParam inputPath = /tmp/Repo-bbdc2dec-b4d5-4f73-8368-786be070a657/Sources
[05/25/2022 05:17:12] Debug: TaskParam SessionTimestamp = 20220525.051637
[05/25/2022 05:17:12] Debug: TaskParam snowConfiguration = Mobilize.BDS.Converter.SnowConvert.Configuration.SnowCodeProcessorConfiguration
[05/25/2022 05:17:12] Debug: TaskParam TaskConversionTime = Mobilize.Snow.Assessment.TaskConversionTimeSummary
[05/25/2022 05:17:12] Debug: TaskParam outputPath = /tmp/Repo-bbdc2dec-b4d5-4f73-8368-786be070a657/Target/Output
[05/25/2022 05:17:12] Debug: TaskParam stubManager = Mobilize.Snow.Common.Utils.StubGenerationManager
[05/25/2022 05:17:12] Debug: TaskParam UDFManager = Mobilize.Snow.Common.UdfManager
[05/25/2022 05:17:12] Debug: TaskParam DashboardMode = False
[05/25/2022 05:17:12] Debug: TaskParam sourceLanguage = Teradata
[05/25/2022 05:17:12] Debug: TaskParam AssessmentManager = Mobilize.Snow.Assessment.AssessmentManager
[05/25/2022 05:17:12] Debug: TaskParam writeResultsProgressDescriptor = Mobilize.Common.Utils.Progress.SingleProgressDescriptor
[05/25/2022 05:17:12] Debug: TaskParam snowExecutionResult = Mobilize.Snow.Configuration.Models.SnowExecutionResult
[05/25/2022 05:17:12] Debug: TaskParam parsedFilesCount = 9
[05/25/2022 05:17:12] Debug: TaskParam ExecutionModeValue = Conversion
[05/25/2022 05:17:12] Debug: TaskParam ConversionEndTask.Input = /tmp/Repo-bbdc2dec-b4d5-4f73-8368-786be070a657/Sources/input.wsp
[05/25/2022 05:17:12] Debug: TaskParam workingSet = Artinsoft.Common.Store.RepositoryWorkingSet`2[System.String,Artinsoft.Common.Store.IItemContainer]
[05/25/2022 05:17:12] Debug: TaskParam ConversionEndTask.ItemMedatada = Artinsoft.Common.Store.ItemMetadata
[05/25/2022 05:17:12] Debug: TaskParam ConversionEndTask.Enabled = True
[05/25/2022 05:17:12] Debug: TaskParam Repository = Artinsoft.Common.Store.Repository
[05/25/2022 05:17:12] Debug: TaskParam RepositoryDirectory = /tmp/Repo-bbdc2dec-b4d5-4f73-8368-786be070a657/Target/.mobilize/CommonEF
[05/25/2022 05:17:12] Info: Step 7/7 - Stats and Reports: STARTED
[05/25/2022 05:17:12] Info: 
	==============================================================================
	SnowConvert assessment execution summary
	 - Files: 9
	 - Files Not Generated: 0
	 - Total lines of code: 62063
	 - Automatically converted: 99%
	 - Conversion time: 00:00:35
	 - Conversion speed: 1745 lines of code per second
	See the report files for more details about the conversion status.
	==============================================================================

[05/25/2022 05:17:12] Info: 
	==============================================================================
	LICENSE
	SnowConvert Tool.
	Production use or redistribution of tool or its output is strictly prohibited.
	Copyright (c) Mobilize.Net Corporation, 2021.
	For more License Terms and Conditions run SnowConvert with --terms.
	==============================================================================

[05/25/2022 05:17:12] Info: Writing the assessment reports
[05/25/2022 05:17:15] Info: Step 7/7 - Stats and Reports: COMPLETED
[05/25/2022 05:17:15] Info: EFProcess 637890526032053373 ended. Excecution time: 00:00:32.2259616
